<?xml version="1.0" encoding="UTF-8"?>
<!-- Generated by org.testng.reporters.JUnitReportReporter -->
<testsuite hostname="SHAILESH" failures="0" tests="1" name="TestNG_Programs.ParentTest" time="6.969" errors="0" timestamp="2022-11-04T16:54:32 IST" skipped="0">
  <testcase classname="TestNG_Programs.ParentTest" name="launchchrome" time="6.969"/>
  <system-out/>
</testsuite> <!-- TestNG_Programs.ParentTest -->
