<?xml version="1.0" encoding="UTF-8"?>
<!-- Generated by org.testng.reporters.JUnitReportReporter -->
<testsuite hostname="SHAILESH" failures="0" tests="1" name="Tests.LoginTest" time="0.191" errors="0" timestamp="2022-11-05T14:31:49 IST" skipped="0">
  <testcase classname="Tests.LoginTest" name="ValidateLoginTest" time="0.191"/>
  <system-out/>
</testsuite> <!-- Tests.LoginTest -->
