<?xml version="1.0" encoding="UTF-8"?>
<!-- Generated by org.testng.reporters.JUnitReportReporter -->
<testsuite hostname="SHAILESH" failures="0" tests="1" name="Tests.PracticeLoginTest" time="2.239" errors="0" timestamp="2022-11-05T14:52:37 IST" skipped="0">
  <testcase classname="Tests.PracticeLoginTest" name="ValidateLoginTest" time="2.239"/>
  <system-out/>
</testsuite> <!-- Tests.PracticeLoginTest -->
